Analysis & Synthesis report for enco
Wed Dec 08 22:15:42 2021
Quartus Prime Version 20.1.0 Build 711 06/05/2020 SJ Lite Edition


---------------------
; Table of Contents ;
---------------------
  1. Legal Notice
  2. Analysis & Synthesis Summary
  3. Analysis & Synthesis Settings
  4. Parallel Compilation
  5. Analysis & Synthesis Source Files Read
  6. Analysis & Synthesis Resource Usage Summary
  7. Analysis & Synthesis Resource Utilization by Entity
  8. Registers Removed During Synthesis
  9. General Register Statistics
 10. Inverted Register Statistics
 11. Port Connectivity Checks: "flipFlopDPET:ff_out"
 12. Port Connectivity Checks: "flipFlopDPET:ff_x15"
 13. Port Connectivity Checks: "flipFlopDPET:ff_x14"
 14. Port Connectivity Checks: "flipFlopDPET:ff_x13"
 15. Port Connectivity Checks: "flipFlopDPET:ff_x12"
 16. Port Connectivity Checks: "binCounter_4bit:stateCounter|flipFlopDPET:ff3"
 17. Port Connectivity Checks: "binCounter_4bit:stateCounter|flipFlopDPET:ff2"
 18. Port Connectivity Checks: "binCounter_4bit:stateCounter|flipFlopDPET:ff1"
 19. Port Connectivity Checks: "binCounter_4bit:stateCounter|flipFlopDPET:ff0"
 20. Post-Synthesis Netlist Statistics for Top Partition
 21. Elapsed Time Per Partition
 22. Analysis & Synthesis Messages



----------------
; Legal Notice ;
----------------
Copyright (C) 2020  Intel Corporation. All rights reserved.
Your use of Intel Corporation's design tools, logic functions 
and other software and tools, and any partner logic 
functions, and any output files from any of the foregoing 
(including device programming or simulation files), and any 
associated documentation or information are expressly subject 
to the terms and conditions of the Intel Program License 
Subscription Agreement, the Intel Quartus Prime License Agreement,
the Intel FPGA IP License Agreement, or other applicable license
agreement, including, without limitation, that your use is for
the sole purpose of programming logic devices manufactured by
Intel and sold by Intel or its authorized distributors.  Please
refer to the applicable agreement for further details, at
https://fpgasoftware.intel.com/eula.



+----------------------------------------------------------------------------------+
; Analysis & Synthesis Summary                                                     ;
+------------------------------------+---------------------------------------------+
; Analysis & Synthesis Status        ; Successful - Wed Dec 08 22:15:42 2021       ;
; Quartus Prime Version              ; 20.1.0 Build 711 06/05/2020 SJ Lite Edition ;
; Revision Name                      ; enco                                        ;
; Top-level Entity Name              ; hammingCodeBitSerialEncoder                 ;
; Family                             ; Cyclone IV E                                ;
; Total logic elements               ; 22                                          ;
;     Total combinational functions  ; 22                                          ;
;     Dedicated logic registers      ; 9                                           ;
; Total registers                    ; 9                                           ;
; Total pins                         ; 4                                           ;
; Total virtual pins                 ; 0                                           ;
; Total memory bits                  ; 0                                           ;
; Embedded Multiplier 9-bit elements ; 0                                           ;
; Total PLLs                         ; 0                                           ;
+------------------------------------+---------------------------------------------+


+---------------------------------------------------------------------------------------------------------------------+
; Analysis & Synthesis Settings                                                                                       ;
+------------------------------------------------------------------+-----------------------------+--------------------+
; Option                                                           ; Setting                     ; Default Value      ;
+------------------------------------------------------------------+-----------------------------+--------------------+
; Top-level entity name                                            ; hammingCodeBitSerialEncoder ; enco               ;
; Family name                                                      ; Cyclone IV E                ; Cyclone V          ;
; Use smart compilation                                            ; Off                         ; Off                ;
; Enable parallel Assembler and Timing Analyzer during compilation ; On                          ; On                 ;
; Enable compact report table                                      ; Off                         ; Off                ;
; Restructure Multiplexers                                         ; Auto                        ; Auto               ;
; Create Debugging Nodes for IP Cores                              ; Off                         ; Off                ;
; Preserve fewer node names                                        ; On                          ; On                 ;
; Intel FPGA IP Evaluation Mode                                    ; Enable                      ; Enable             ;
; Verilog Version                                                  ; Verilog_2001                ; Verilog_2001       ;
; VHDL Version                                                     ; VHDL_1993                   ; VHDL_1993          ;
; State Machine Processing                                         ; Auto                        ; Auto               ;
; Safe State Machine                                               ; Off                         ; Off                ;
; Extract Verilog State Machines                                   ; On                          ; On                 ;
; Extract VHDL State Machines                                      ; On                          ; On                 ;
; Ignore Verilog initial constructs                                ; Off                         ; Off                ;
; Iteration limit for constant Verilog loops                       ; 5000                        ; 5000               ;
; Iteration limit for non-constant Verilog loops                   ; 250                         ; 250                ;
; Add Pass-Through Logic to Inferred RAMs                          ; On                          ; On                 ;
; Infer RAMs from Raw Logic                                        ; On                          ; On                 ;
; Parallel Synthesis                                               ; On                          ; On                 ;
; DSP Block Balancing                                              ; Auto                        ; Auto               ;
; NOT Gate Push-Back                                               ; On                          ; On                 ;
; Power-Up Don't Care                                              ; On                          ; On                 ;
; Remove Redundant Logic Cells                                     ; Off                         ; Off                ;
; Remove Duplicate Registers                                       ; On                          ; On                 ;
; Ignore CARRY Buffers                                             ; Off                         ; Off                ;
; Ignore CASCADE Buffers                                           ; Off                         ; Off                ;
; Ignore GLOBAL Buffers                                            ; Off                         ; Off                ;
; Ignore ROW GLOBAL Buffers                                        ; Off                         ; Off                ;
; Ignore LCELL Buffers                                             ; Off                         ; Off                ;
; Ignore SOFT Buffers                                              ; On                          ; On                 ;
; Limit AHDL Integers to 32 Bits                                   ; Off                         ; Off                ;
; Optimization Technique                                           ; Balanced                    ; Balanced           ;
; Carry Chain Length                                               ; 70                          ; 70                 ;
; Auto Carry Chains                                                ; On                          ; On                 ;
; Auto Open-Drain Pins                                             ; On                          ; On                 ;
; Perform WYSIWYG Primitive Resynthesis                            ; Off                         ; Off                ;
; Auto ROM Replacement                                             ; On                          ; On                 ;
; Auto RAM Replacement                                             ; On                          ; On                 ;
; Auto DSP Block Replacement                                       ; On                          ; On                 ;
; Auto Shift Register Replacement                                  ; Auto                        ; Auto               ;
; Allow Shift Register Merging across Hierarchies                  ; Auto                        ; Auto               ;
; Auto Clock Enable Replacement                                    ; On                          ; On                 ;
; Strict RAM Replacement                                           ; Off                         ; Off                ;
; Allow Synchronous Control Signals                                ; On                          ; On                 ;
; Force Use of Synchronous Clear Signals                           ; Off                         ; Off                ;
; Auto RAM Block Balancing                                         ; On                          ; On                 ;
; Auto RAM to Logic Cell Conversion                                ; Off                         ; Off                ;
; Auto Resource Sharing                                            ; Off                         ; Off                ;
; Allow Any RAM Size For Recognition                               ; Off                         ; Off                ;
; Allow Any ROM Size For Recognition                               ; Off                         ; Off                ;
; Allow Any Shift Register Size For Recognition                    ; Off                         ; Off                ;
; Use LogicLock Constraints during Resource Balancing              ; On                          ; On                 ;
; Ignore translate_off and synthesis_off directives                ; Off                         ; Off                ;
; Timing-Driven Synthesis                                          ; On                          ; On                 ;
; Report Parameter Settings                                        ; On                          ; On                 ;
; Report Source Assignments                                        ; On                          ; On                 ;
; Report Connectivity Checks                                       ; On                          ; On                 ;
; Ignore Maximum Fan-Out Assignments                               ; Off                         ; Off                ;
; Synchronization Register Chain Length                            ; 2                           ; 2                  ;
; Power Optimization During Synthesis                              ; Normal compilation          ; Normal compilation ;
; HDL message level                                                ; Level2                      ; Level2             ;
; Suppress Register Optimization Related Messages                  ; Off                         ; Off                ;
; Number of Removed Registers Reported in Synthesis Report         ; 5000                        ; 5000               ;
; Number of Swept Nodes Reported in Synthesis Report               ; 5000                        ; 5000               ;
; Number of Inverted Registers Reported in Synthesis Report        ; 100                         ; 100                ;
; Clock MUX Protection                                             ; On                          ; On                 ;
; Auto Gated Clock Conversion                                      ; Off                         ; Off                ;
; Block Design Naming                                              ; Auto                        ; Auto               ;
; SDC constraint protection                                        ; Off                         ; Off                ;
; Synthesis Effort                                                 ; Auto                        ; Auto               ;
; Shift Register Replacement - Allow Asynchronous Clear Signal     ; On                          ; On                 ;
; Pre-Mapping Resynthesis Optimization                             ; Off                         ; Off                ;
; Analysis & Synthesis Message Level                               ; Medium                      ; Medium             ;
; Disable Register Merging Across Hierarchies                      ; Auto                        ; Auto               ;
; Resource Aware Inference For Block RAM                           ; On                          ; On                 ;
+------------------------------------------------------------------+-----------------------------+--------------------+


+------------------------------------------+
; Parallel Compilation                     ;
+----------------------------+-------------+
; Processors                 ; Number      ;
+----------------------------+-------------+
; Number detected on machine ; 8           ;
; Maximum allowed            ; 4           ;
;                            ;             ;
; Average used               ; 1.00        ;
; Maximum used               ; 4           ;
;                            ;             ;
; Usage by Processor         ; % Time Used ;
;     Processor 1            ; 100.0%      ;
;     Processors 2-4         ;   0.0%      ;
+----------------------------+-------------+


+----------------------------------------------------------------------------------------------------------------------------------------------------------------------------+
; Analysis & Synthesis Source Files Read                                                                                                                                     ;
+----------------------------------+-----------------+-----------------+-------------------------------------------------------------------------------------------+---------+
; File Name with User-Entered Path ; Used in Netlist ; File Type       ; File Name with Absolute Path                                                              ; Library ;
+----------------------------------+-----------------+-----------------+-------------------------------------------------------------------------------------------+---------+
; storeDev.vhd                     ; yes             ; User VHDL File  ; C:/Users/Pedro Silva/Desktop/AAD/AAD-git/AAD_HCED/encoder/storeDev.vhd                    ;         ;
; multiplexer.vhd                  ; yes             ; User VHDL File  ; C:/Users/Pedro Silva/Desktop/AAD/AAD-git/AAD_HCED/encoder/multiplexer.vhd                 ;         ;
; hammingCodeBitSerialEncoder.vhd  ; yes             ; User VHDL File  ; C:/Users/Pedro Silva/Desktop/AAD/AAD-git/AAD_HCED/encoder/hammingCodeBitSerialEncoder.vhd ;         ;
; elementaryGates.vhd              ; yes             ; User VHDL File  ; C:/Users/Pedro Silva/Desktop/AAD/AAD-git/AAD_HCED/encoder/elementaryGates.vhd             ;         ;
; controlUnit.vhd                  ; yes             ; User VHDL File  ; C:/Users/Pedro Silva/Desktop/AAD/AAD-git/AAD_HCED/encoder/controlUnit.vhd                 ;         ;
+----------------------------------+-----------------+-----------------+-------------------------------------------------------------------------------------------+---------+


+-----------------------------------------------------------------------------------------------+
; Analysis & Synthesis Resource Usage Summary                                                   ;
+---------------------------------------------+-------------------------------------------------+
; Resource                                    ; Usage                                           ;
+---------------------------------------------+-------------------------------------------------+
; Estimated Total logic elements              ; 22                                              ;
;                                             ;                                                 ;
; Total combinational functions               ; 22                                              ;
; Logic element usage by number of LUT inputs ;                                                 ;
;     -- 4 input functions                    ; 15                                              ;
;     -- 3 input functions                    ; 3                                               ;
;     -- <=2 input functions                  ; 4                                               ;
;                                             ;                                                 ;
; Logic elements by mode                      ;                                                 ;
;     -- normal mode                          ; 22                                              ;
;     -- arithmetic mode                      ; 0                                               ;
;                                             ;                                                 ;
; Total registers                             ; 9                                               ;
;     -- Dedicated logic registers            ; 9                                               ;
;     -- I/O registers                        ; 0                                               ;
;                                             ;                                                 ;
; I/O pins                                    ; 4                                               ;
;                                             ;                                                 ;
; Embedded Multiplier 9-bit elements          ; 0                                               ;
;                                             ;                                                 ;
; Maximum fan-out node                        ; binCounter_4bit:stateCounter|flipFlopDPET:ff0|Q ;
; Maximum fan-out                             ; 15                                              ;
; Total fan-out                               ; 107                                             ;
; Average fan-out                             ; 2.74                                            ;
+---------------------------------------------+-------------------------------------------------+


+----------------------------------------------------------------------------------------------------------------------------------------------------------------------------------------------------------------------------------------------------------------------------------------+
; Analysis & Synthesis Resource Utilization by Entity                                                                                                                                                                                                                                    ;
+-----------------------------------+---------------------+---------------------------+-------------+--------------+---------+-----------+------+--------------+----------------------------------------------------------------------------+-----------------------------+--------------+
; Compilation Hierarchy Node        ; Combinational ALUTs ; Dedicated Logic Registers ; Memory Bits ; DSP Elements ; DSP 9x9 ; DSP 18x18 ; Pins ; Virtual Pins ; Full Hierarchy Name                                                        ; Entity Name                 ; Library Name ;
+-----------------------------------+---------------------+---------------------------+-------------+--------------+---------+-----------+------+--------------+----------------------------------------------------------------------------+-----------------------------+--------------+
; |hammingCodeBitSerialEncoder      ; 22 (0)              ; 9 (0)                     ; 0           ; 0            ; 0       ; 0         ; 4    ; 0            ; |hammingCodeBitSerialEncoder                                               ; hammingCodeBitSerialEncoder ; work         ;
;    |Mux2_1:multiplexer2_1|        ; 3 (3)               ; 0 (0)                     ; 0           ; 0            ; 0       ; 0         ; 0    ; 0            ; |hammingCodeBitSerialEncoder|Mux2_1:multiplexer2_1                         ; Mux2_1                      ; work         ;
;    |binCounter_4bit:stateCounter| ; 4 (0)               ; 4 (0)                     ; 0           ; 0            ; 0       ; 0         ; 0    ; 0            ; |hammingCodeBitSerialEncoder|binCounter_4bit:stateCounter                  ; binCounter_4bit             ; work         ;
;       |flipFlopDPET:ff0|          ; 1 (1)               ; 1 (1)                     ; 0           ; 0            ; 0       ; 0         ; 0    ; 0            ; |hammingCodeBitSerialEncoder|binCounter_4bit:stateCounter|flipFlopDPET:ff0 ; flipFlopDPET                ; work         ;
;       |flipFlopDPET:ff1|          ; 1 (1)               ; 1 (1)                     ; 0           ; 0            ; 0       ; 0         ; 0    ; 0            ; |hammingCodeBitSerialEncoder|binCounter_4bit:stateCounter|flipFlopDPET:ff1 ; flipFlopDPET                ; work         ;
;       |flipFlopDPET:ff2|          ; 1 (1)               ; 1 (1)                     ; 0           ; 0            ; 0       ; 0         ; 0    ; 0            ; |hammingCodeBitSerialEncoder|binCounter_4bit:stateCounter|flipFlopDPET:ff2 ; flipFlopDPET                ; work         ;
;       |flipFlopDPET:ff3|          ; 1 (1)               ; 1 (1)                     ; 0           ; 0            ; 0       ; 0         ; 0    ; 0            ; |hammingCodeBitSerialEncoder|binCounter_4bit:stateCounter|flipFlopDPET:ff3 ; flipFlopDPET                ; work         ;
;    |controlUnit:control|          ; 1 (1)               ; 0 (0)                     ; 0           ; 0            ; 0       ; 0         ; 0    ; 0            ; |hammingCodeBitSerialEncoder|controlUnit:control                           ; controlUnit                 ; work         ;
;    |flipFlopDPET:ff_out|          ; 0 (0)               ; 1 (1)                     ; 0           ; 0            ; 0       ; 0         ; 0    ; 0            ; |hammingCodeBitSerialEncoder|flipFlopDPET:ff_out                           ; flipFlopDPET                ; work         ;
;    |flipFlopDPET:ff_x12|          ; 1 (1)               ; 1 (1)                     ; 0           ; 0            ; 0       ; 0         ; 0    ; 0            ; |hammingCodeBitSerialEncoder|flipFlopDPET:ff_x12                           ; flipFlopDPET                ; work         ;
;    |flipFlopDPET:ff_x13|          ; 1 (1)               ; 1 (1)                     ; 0           ; 0            ; 0       ; 0         ; 0    ; 0            ; |hammingCodeBitSerialEncoder|flipFlopDPET:ff_x13                           ; flipFlopDPET                ; work         ;
;    |flipFlopDPET:ff_x14|          ; 1 (1)               ; 1 (1)                     ; 0           ; 0            ; 0       ; 0         ; 0    ; 0            ; |hammingCodeBitSerialEncoder|flipFlopDPET:ff_x14                           ; flipFlopDPET                ; work         ;
;    |flipFlopDPET:ff_x15|          ; 1 (1)               ; 1 (1)                     ; 0           ; 0            ; 0       ; 0         ; 0    ; 0            ; |hammingCodeBitSerialEncoder|flipFlopDPET:ff_x15                           ; flipFlopDPET                ; work         ;
;    |gateAnd:and_a|                ; 2 (2)               ; 0 (0)                     ; 0           ; 0            ; 0       ; 0         ; 0    ; 0            ; |hammingCodeBitSerialEncoder|gateAnd:and_a                                 ; gateAnd                     ; work         ;
;    |gateAnd:and_b|                ; 2 (2)               ; 0 (0)                     ; 0           ; 0            ; 0       ; 0         ; 0    ; 0            ; |hammingCodeBitSerialEncoder|gateAnd:and_b                                 ; gateAnd                     ; work         ;
;    |gateAnd:and_c|                ; 3 (3)               ; 0 (0)                     ; 0           ; 0            ; 0       ; 0         ; 0    ; 0            ; |hammingCodeBitSerialEncoder|gateAnd:and_c                                 ; gateAnd                     ; work         ;
;    |gateAnd:and_d|                ; 3 (3)               ; 0 (0)                     ; 0           ; 0            ; 0       ; 0         ; 0    ; 0            ; |hammingCodeBitSerialEncoder|gateAnd:and_d                                 ; gateAnd                     ; work         ;
+-----------------------------------+---------------------+---------------------------+-------------+--------------+---------+-----------+------+--------------+----------------------------------------------------------------------------+-----------------------------+--------------+
Note: For table entries with two numbers listed, the numbers in parentheses indicate the number of resources of the given type used by the specific entity alone. The numbers listed outside of parentheses indicate the total resources of the given type used by the specific entity and all of its sub-entities in the hierarchy.


+----------------------------------------------------------------------------------------------------------------+
; Registers Removed During Synthesis                                                                             ;
+--------------------------------------------------+-------------------------------------------------------------+
; Register name                                    ; Reason for Removal                                          ;
+--------------------------------------------------+-------------------------------------------------------------+
; binCounter_4bit:stateCounter|flipFlopDPET:ff0|nQ ; Merged with binCounter_4bit:stateCounter|flipFlopDPET:ff0|Q ;
; Total Number of Removed Registers = 1            ;                                                             ;
+--------------------------------------------------+-------------------------------------------------------------+


+------------------------------------------------------+
; General Register Statistics                          ;
+----------------------------------------------+-------+
; Statistic                                    ; Value ;
+----------------------------------------------+-------+
; Total registers                              ; 9     ;
; Number of registers using Synchronous Clear  ; 0     ;
; Number of registers using Synchronous Load   ; 0     ;
; Number of registers using Asynchronous Clear ; 8     ;
; Number of registers using Asynchronous Load  ; 0     ;
; Number of registers using Clock Enable       ; 0     ;
; Number of registers using Preset             ; 0     ;
+----------------------------------------------+-------+


+--------------------------------------------------+
; Inverted Register Statistics                     ;
+----------------------------------------+---------+
; Inverted Register                      ; Fan out ;
+----------------------------------------+---------+
; flipFlopDPET:ff_out|Q                  ; 1       ;
; Total number of inverted registers = 1 ;         ;
+----------------------------------------+---------+


+----------------------------------------------------------------------------------------------------------------+
; Port Connectivity Checks: "flipFlopDPET:ff_out"                                                                ;
+------+--------+----------+-------------------------------------------------------------------------------------+
; Port ; Type   ; Severity ; Details                                                                             ;
+------+--------+----------+-------------------------------------------------------------------------------------+
; nset ; Input  ; Info     ; Stuck at VCC                                                                        ;
; nrst ; Input  ; Info     ; Stuck at VCC                                                                        ;
; nq   ; Output ; Info     ; Connected to dangling logic. Logic that only feeds a dangling port will be removed. ;
+------+--------+----------+-------------------------------------------------------------------------------------+


+----------------------------------------------------------------------------------------------------------------+
; Port Connectivity Checks: "flipFlopDPET:ff_x15"                                                                ;
+------+--------+----------+-------------------------------------------------------------------------------------+
; Port ; Type   ; Severity ; Details                                                                             ;
+------+--------+----------+-------------------------------------------------------------------------------------+
; nset ; Input  ; Info     ; Stuck at VCC                                                                        ;
; nq   ; Output ; Info     ; Connected to dangling logic. Logic that only feeds a dangling port will be removed. ;
+------+--------+----------+-------------------------------------------------------------------------------------+


+----------------------------------------------------------------------------------------------------------------+
; Port Connectivity Checks: "flipFlopDPET:ff_x14"                                                                ;
+------+--------+----------+-------------------------------------------------------------------------------------+
; Port ; Type   ; Severity ; Details                                                                             ;
+------+--------+----------+-------------------------------------------------------------------------------------+
; nset ; Input  ; Info     ; Stuck at VCC                                                                        ;
; nq   ; Output ; Info     ; Connected to dangling logic. Logic that only feeds a dangling port will be removed. ;
+------+--------+----------+-------------------------------------------------------------------------------------+


+----------------------------------------------------------------------------------------------------------------+
; Port Connectivity Checks: "flipFlopDPET:ff_x13"                                                                ;
+------+--------+----------+-------------------------------------------------------------------------------------+
; Port ; Type   ; Severity ; Details                                                                             ;
+------+--------+----------+-------------------------------------------------------------------------------------+
; nset ; Input  ; Info     ; Stuck at VCC                                                                        ;
; nq   ; Output ; Info     ; Connected to dangling logic. Logic that only feeds a dangling port will be removed. ;
+------+--------+----------+-------------------------------------------------------------------------------------+


+----------------------------------------------------------------------------------------------------------------+
; Port Connectivity Checks: "flipFlopDPET:ff_x12"                                                                ;
+------+--------+----------+-------------------------------------------------------------------------------------+
; Port ; Type   ; Severity ; Details                                                                             ;
+------+--------+----------+-------------------------------------------------------------------------------------+
; nset ; Input  ; Info     ; Stuck at VCC                                                                        ;
; nq   ; Output ; Info     ; Connected to dangling logic. Logic that only feeds a dangling port will be removed. ;
+------+--------+----------+-------------------------------------------------------------------------------------+


+----------------------------------------------------------------------------------------------------------------+
; Port Connectivity Checks: "binCounter_4bit:stateCounter|flipFlopDPET:ff3"                                      ;
+------+--------+----------+-------------------------------------------------------------------------------------+
; Port ; Type   ; Severity ; Details                                                                             ;
+------+--------+----------+-------------------------------------------------------------------------------------+
; nset ; Input  ; Info     ; Stuck at VCC                                                                        ;
; nq   ; Output ; Info     ; Connected to dangling logic. Logic that only feeds a dangling port will be removed. ;
+------+--------+----------+-------------------------------------------------------------------------------------+


+----------------------------------------------------------------------------------------------------------------+
; Port Connectivity Checks: "binCounter_4bit:stateCounter|flipFlopDPET:ff2"                                      ;
+------+--------+----------+-------------------------------------------------------------------------------------+
; Port ; Type   ; Severity ; Details                                                                             ;
+------+--------+----------+-------------------------------------------------------------------------------------+
; nset ; Input  ; Info     ; Stuck at VCC                                                                        ;
; nq   ; Output ; Info     ; Connected to dangling logic. Logic that only feeds a dangling port will be removed. ;
+------+--------+----------+-------------------------------------------------------------------------------------+


+----------------------------------------------------------------------------------------------------------------+
; Port Connectivity Checks: "binCounter_4bit:stateCounter|flipFlopDPET:ff1"                                      ;
+------+--------+----------+-------------------------------------------------------------------------------------+
; Port ; Type   ; Severity ; Details                                                                             ;
+------+--------+----------+-------------------------------------------------------------------------------------+
; nset ; Input  ; Info     ; Stuck at VCC                                                                        ;
; nq   ; Output ; Info     ; Connected to dangling logic. Logic that only feeds a dangling port will be removed. ;
+------+--------+----------+-------------------------------------------------------------------------------------+


+---------------------------------------------------------------------------+
; Port Connectivity Checks: "binCounter_4bit:stateCounter|flipFlopDPET:ff0" ;
+------+-------+----------+-------------------------------------------------+
; Port ; Type  ; Severity ; Details                                         ;
+------+-------+----------+-------------------------------------------------+
; nset ; Input ; Info     ; Stuck at VCC                                    ;
+------+-------+----------+-------------------------------------------------+


+-----------------------------------------------------+
; Post-Synthesis Netlist Statistics for Top Partition ;
+-----------------------+-----------------------------+
; Type                  ; Count                       ;
+-----------------------+-----------------------------+
; boundary_port         ; 4                           ;
; cycloneiii_ff         ; 9                           ;
;     CLR               ; 8                           ;
;     plain             ; 1                           ;
; cycloneiii_lcell_comb ; 23                          ;
;     normal            ; 23                          ;
;         1 data inputs ; 2                           ;
;         2 data inputs ; 3                           ;
;         3 data inputs ; 3                           ;
;         4 data inputs ; 15                          ;
;                       ;                             ;
; Max LUT depth         ; 3.00                        ;
; Average LUT depth     ; 2.26                        ;
+-----------------------+-----------------------------+


+-------------------------------+
; Elapsed Time Per Partition    ;
+----------------+--------------+
; Partition Name ; Elapsed Time ;
+----------------+--------------+
; Top            ; 00:00:00     ;
+----------------+--------------+


+-------------------------------+
; Analysis & Synthesis Messages ;
+-------------------------------+
Info: *******************************************************************
Info: Running Quartus Prime Analysis & Synthesis
    Info: Version 20.1.0 Build 711 06/05/2020 SJ Lite Edition
    Info: Processing started: Wed Dec 08 22:15:30 2021
Info: Command: quartus_map --read_settings_files=on --write_settings_files=off enco -c enco
Warning (18236): Number of processors has not been specified which may cause overloading on shared machines.  Set the global assignment NUM_PARALLEL_PROCESSORS in your QSF to an appropriate value for best performance.
Info (20030): Parallel compilation is enabled and will use 4 of the 4 processors detected
Info (12021): Found 4 design units, including 2 entities, in source file storedev.vhd
    Info (12022): Found design unit 1: flipFlopDPET-behavior File: C:/Users/Pedro Silva/Desktop/AAD/AAD-git/AAD_HCED/encoder/storeDev.vhd Line: 10
    Info (12022): Found design unit 2: binCounter_4bit-structure File: C:/Users/Pedro Silva/Desktop/AAD/AAD-git/AAD_HCED/encoder/storeDev.vhd Line: 39
    Info (12023): Found entity 1: flipFlopDPET File: C:/Users/Pedro Silva/Desktop/AAD/AAD-git/AAD_HCED/encoder/storeDev.vhd Line: 4
    Info (12023): Found entity 2: binCounter_4bit File: C:/Users/Pedro Silva/Desktop/AAD/AAD-git/AAD_HCED/encoder/storeDev.vhd Line: 33
Info (12021): Found 4 design units, including 2 entities, in source file multiplexer.vhd
    Info (12022): Found design unit 1: Mux2_1-BehavProc File: C:/Users/Pedro Silva/Desktop/AAD/AAD-git/AAD_HCED/encoder/multiplexer.vhd Line: 11
    Info (12022): Found design unit 2: Mux4_1-BehavProc File: C:/Users/Pedro Silva/Desktop/AAD/AAD-git/AAD_HCED/encoder/multiplexer.vhd Line: 27
    Info (12023): Found entity 1: Mux2_1 File: C:/Users/Pedro Silva/Desktop/AAD/AAD-git/AAD_HCED/encoder/multiplexer.vhd Line: 4
    Info (12023): Found entity 2: Mux4_1 File: C:/Users/Pedro Silva/Desktop/AAD/AAD-git/AAD_HCED/encoder/multiplexer.vhd Line: 20
Info (12021): Found 2 design units, including 1 entities, in source file hammingcodebitserialencoder.vhd
    Info (12022): Found design unit 1: hammingCodeBitSerialEncoder-bitSerialEncoding File: C:/Users/Pedro Silva/Desktop/AAD/AAD-git/AAD_HCED/encoder/hammingCodeBitSerialEncoder.vhd Line: 11
    Info (12023): Found entity 1: hammingCodeBitSerialEncoder File: C:/Users/Pedro Silva/Desktop/AAD/AAD-git/AAD_HCED/encoder/hammingCodeBitSerialEncoder.vhd Line: 6
Info (12021): Found 8 design units, including 4 entities, in source file elementarygates.vhd
    Info (12022): Found design unit 1: gateAnd-logicFunction File: C:/Users/Pedro Silva/Desktop/AAD/AAD-git/AAD_HCED/encoder/elementaryGates.vhd Line: 9
    Info (12022): Found design unit 2: gateOr-logicFunction File: C:/Users/Pedro Silva/Desktop/AAD/AAD-git/AAD_HCED/encoder/elementaryGates.vhd Line: 22
    Info (12022): Found design unit 3: gateXOR-logicFunction File: C:/Users/Pedro Silva/Desktop/AAD/AAD-git/AAD_HCED/encoder/elementaryGates.vhd Line: 35
    Info (12022): Found design unit 4: gateAnd4-structure File: C:/Users/Pedro Silva/Desktop/AAD/AAD-git/AAD_HCED/encoder/elementaryGates.vhd Line: 48
    Info (12023): Found entity 1: gateAnd File: C:/Users/Pedro Silva/Desktop/AAD/AAD-git/AAD_HCED/encoder/elementaryGates.vhd Line: 4
    Info (12023): Found entity 2: gateOr File: C:/Users/Pedro Silva/Desktop/AAD/AAD-git/AAD_HCED/encoder/elementaryGates.vhd Line: 17
    Info (12023): Found entity 3: gateXOR File: C:/Users/Pedro Silva/Desktop/AAD/AAD-git/AAD_HCED/encoder/elementaryGates.vhd Line: 30
    Info (12023): Found entity 4: gateAnd4 File: C:/Users/Pedro Silva/Desktop/AAD/AAD-git/AAD_HCED/encoder/elementaryGates.vhd Line: 43
Info (12021): Found 2 design units, including 1 entities, in source file controlunit.vhd
    Info (12022): Found design unit 1: controlUnit-behavior File: C:/Users/Pedro Silva/Desktop/AAD/AAD-git/AAD_HCED/encoder/controlUnit.vhd Line: 9
    Info (12023): Found entity 1: controlUnit File: C:/Users/Pedro Silva/Desktop/AAD/AAD-git/AAD_HCED/encoder/controlUnit.vhd Line: 4
Info (12127): Elaborating entity "hammingCodeBitSerialEncoder" for the top level hierarchy
Info (12128): Elaborating entity "binCounter_4bit" for hierarchy "binCounter_4bit:stateCounter" File: C:/Users/Pedro Silva/Desktop/AAD/AAD-git/AAD_HCED/encoder/hammingCodeBitSerialEncoder.vhd Line: 51
Info (12128): Elaborating entity "gateAnd" for hierarchy "binCounter_4bit:stateCounter|gateAnd:ad1" File: C:/Users/Pedro Silva/Desktop/AAD/AAD-git/AAD_HCED/encoder/storeDev.vhd Line: 58
Info (12128): Elaborating entity "gateXOR" for hierarchy "binCounter_4bit:stateCounter|gateXOR:xr1" File: C:/Users/Pedro Silva/Desktop/AAD/AAD-git/AAD_HCED/encoder/storeDev.vhd Line: 61
Info (12128): Elaborating entity "flipFlopDPET" for hierarchy "binCounter_4bit:stateCounter|flipFlopDPET:ff0" File: C:/Users/Pedro Silva/Desktop/AAD/AAD-git/AAD_HCED/encoder/storeDev.vhd Line: 65
Info (12128): Elaborating entity "controlUnit" for hierarchy "controlUnit:control" File: C:/Users/Pedro Silva/Desktop/AAD/AAD-git/AAD_HCED/encoder/hammingCodeBitSerialEncoder.vhd Line: 52
Info (12128): Elaborating entity "Mux2_1" for hierarchy "Mux2_1:multiplexer2_1" File: C:/Users/Pedro Silva/Desktop/AAD/AAD-git/AAD_HCED/encoder/hammingCodeBitSerialEncoder.vhd Line: 69
Info (12128): Elaborating entity "Mux4_1" for hierarchy "Mux4_1:multiplexer4_1" File: C:/Users/Pedro Silva/Desktop/AAD/AAD-git/AAD_HCED/encoder/hammingCodeBitSerialEncoder.vhd Line: 70
Info (286030): Timing-Driven Synthesis is running
Info (16010): Generating hard_block partition "hard_block:auto_generated_inst"
    Info (16011): Adding 0 node(s), including 0 DDIO, 0 PLL, 0 transceiver and 0 LCELL
Info (21057): Implemented 26 device resources after synthesis - the final resource count might be different
    Info (21058): Implemented 3 input pins
    Info (21059): Implemented 1 output pins
    Info (21061): Implemented 22 logic cells
Info: Quartus Prime Analysis & Synthesis was successful. 0 errors, 1 warning
    Info: Peak virtual memory: 4788 megabytes
    Info: Processing ended: Wed Dec 08 22:15:42 2021
    Info: Elapsed time: 00:00:12
    Info: Total CPU time (on all processors): 00:00:27


